<?xml version="1.0" encoding="UTF-8"?>
<testng-results ignored="0" total="1" passed="1" failed="0" skipped="0">
  <reporter-output>
  </reporter-output>
  <suite started-at="2020-08-02T08:28:21Z" name="Default suite" finished-at="2020-08-02T08:28:51Z" duration-ms="29727">
    <groups>
    </groups>
    <test started-at="2020-08-02T08:28:21Z" name="Default test" finished-at="2020-08-02T08:28:51Z" duration-ms="29727">
      <class name="basic.OpenBrowser">
        <test-method signature="test_BrowserOpening()[pri:0, instance:basic.OpenBrowser@2893de87]" started-at="2020-08-02T08:28:21Z" name="test_BrowserOpening" finished-at="2020-08-02T08:28:51Z" duration-ms="29665" status="PASS">
          <reporter-output>
          </reporter-output>
        </test-method> <!-- test_BrowserOpening -->
      </class> <!-- basic.OpenBrowser -->
    </test> <!-- Default test -->
  </suite> <!-- Default suite -->
</testng-results>
